{"/home/farisarma/learn/dicoding/auth-api-prisma/src/Commons/exceptions/AuthenticationError.ts": {"path":"/home/farisarma/learn/dicoding/auth-api-prisma/src/Commons/exceptions/AuthenticationError.ts","statementMap":{"0":{"start":{"line":1,"column":0},"end":{"line":1,"column":41}},"1":{"start":{"line":6,"column":8},"end":{"line":6,"column":28}},"2":{"start":{"line":5,"column":25},"end":{"line":5,"column":40}},"3":{"start":{"line":7,"column":8},"end":{"line":7,"column":null}},"4":{"start":{"line":4,"column":0},"end":{"line":4,"column":13}}},"fnMap":{"0":{"name":"(anonymous_0)","decl":{"start":{"line":5,"column":4},"end":{"line":5,"column":25}},"loc":{"start":{"line":5,"column":40},"end":{"line":8,"column":5}}}},"branchMap":{},"s":{"0":1,"1":1,"2":1,"3":1,"4":1},"f":{"0":1},"b":{}}
,"/home/farisarma/learn/dicoding/auth-api-prisma/src/Commons/exceptions/ClientError.ts": {"path":"/home/farisarma/learn/dicoding/auth-api-prisma/src/Commons/exceptions/ClientError.ts","statementMap":{"0":{"start":{"line":3,"column":2},"end":{"line":3,"column":17}},"1":{"start":{"line":2,"column":22},"end":{"line":2,"column":37}},"2":{"start":{"line":2,"column":48},"end":{"line":2,"column":69}},"3":{"start":{"line":5,"column":8},"end":{"line":7,"column":null}},"4":{"start":{"line":6,"column":12},"end":{"line":6,"column":65}},"5":{"start":{"line":8,"column":8},"end":{"line":8,"column":null}},"6":{"start":{"line":9,"column":8},"end":{"line":9,"column":null}},"7":{"start":{"line":1,"column":0},"end":{"line":1,"column":13}}},"fnMap":{"0":{"name":"(anonymous_0)","decl":{"start":{"line":2,"column":1},"end":{"line":2,"column":22}},"loc":{"start":{"line":2,"column":72},"end":{"line":10,"column":2}}}},"branchMap":{"0":{"loc":{"start":{"line":2,"column":48},"end":{"line":2,"column":72}},"type":"default-arg","locations":[{"start":{"line":2,"column":69},"end":{"line":2,"column":72}}]},"1":{"loc":{"start":{"line":5,"column":8},"end":{"line":7,"column":null}},"type":"if","locations":[{"start":{"line":5,"column":8},"end":{"line":7,"column":null}}]}},"s":{"0":4,"1":4,"2":4,"3":4,"4":1,"5":3,"6":3,"7":4},"f":{"0":4},"b":{"0":[2],"1":[1]}}
,"/home/farisarma/learn/dicoding/auth-api-prisma/src/Commons/exceptions/InvariantError.ts": {"path":"/home/farisarma/learn/dicoding/auth-api-prisma/src/Commons/exceptions/InvariantError.ts","statementMap":{"0":{"start":{"line":1,"column":0},"end":{"line":1,"column":44}},"1":{"start":{"line":5,"column":2},"end":{"line":5,"column":17}},"2":{"start":{"line":4,"column":22},"end":{"line":4,"column":37}},"3":{"start":{"line":6,"column":2},"end":{"line":6,"column":31}},"4":{"start":{"line":3,"column":0},"end":{"line":3,"column":13}}},"fnMap":{"0":{"name":"(anonymous_0)","decl":{"start":{"line":4,"column":1},"end":{"line":4,"column":22}},"loc":{"start":{"line":4,"column":37},"end":{"line":7,"column":2}}}},"branchMap":{},"s":{"0":1,"1":1,"2":1,"3":1,"4":1},"f":{"0":1},"b":{}}
,"/home/farisarma/learn/dicoding/auth-api-prisma/src/Commons/exceptions/NotFoundError.ts": {"path":"/home/farisarma/learn/dicoding/auth-api-prisma/src/Commons/exceptions/NotFoundError.ts","statementMap":{"0":{"start":{"line":1,"column":0},"end":{"line":1,"column":44}},"1":{"start":{"line":5,"column":2},"end":{"line":5,"column":22}},"2":{"start":{"line":4,"column":22},"end":{"line":4,"column":37}},"3":{"start":{"line":6,"column":2},"end":{"line":6,"column":30}},"4":{"start":{"line":3,"column":0},"end":{"line":3,"column":13}}},"fnMap":{"0":{"name":"(anonymous_0)","decl":{"start":{"line":4,"column":1},"end":{"line":4,"column":22}},"loc":{"start":{"line":4,"column":37},"end":{"line":7,"column":2}}}},"branchMap":{},"s":{"0":1,"1":1,"2":1,"3":1,"4":1},"f":{"0":1},"b":{}}
,"/home/farisarma/learn/dicoding/auth-api-prisma/src/Domains/users/entities/RegisterUser.ts": {"path":"/home/farisarma/learn/dicoding/auth-api-prisma/src/Domains/users/entities/RegisterUser.ts","statementMap":{"0":{"start":{"line":2,"column":25},"end":{"line":2,"column":88}},"1":{"start":{"line":4,"column":8},"end":{"line":4,"column":null}},"2":{"start":{"line":8,"column":8},"end":{"line":10,"column":null}},"3":{"start":{"line":9,"column":12},"end":{"line":9,"column":null}},"4":{"start":{"line":12,"column":8},"end":{"line":14,"column":null}},"5":{"start":{"line":13,"column":12},"end":{"line":13,"column":null}},"6":{"start":{"line":16,"column":8},"end":{"line":18,"column":null}},"7":{"start":{"line":17,"column":12},"end":{"line":17,"column":83}},"8":{"start":{"line":1,"column":0},"end":{"line":1,"column":13}}},"fnMap":{"0":{"name":"(anonymous_0)","decl":{"start":{"line":2,"column":4},"end":{"line":2,"column":25}},"loc":{"start":{"line":2,"column":88},"end":{"line":5,"column":5}}},"1":{"name":"(anonymous_1)","decl":{"start":{"line":7,"column":12},"end":{"line":7,"column":29}},"loc":{"start":{"line":7,"column":93},"end":{"line":19,"column":5}}}},"branchMap":{"0":{"loc":{"start":{"line":8,"column":8},"end":{"line":10,"column":null}},"type":"if","locations":[{"start":{"line":8,"column":8},"end":{"line":10,"column":null}}]},"1":{"loc":{"start":{"line":8,"column":12},"end":{"line":8,"column":62}},"type":"binary-expr","locations":[{"start":{"line":8,"column":12},"end":{"line":8,"column":26}},{"start":{"line":8,"column":30},"end":{"line":8,"column":44}},{"start":{"line":8,"column":48},"end":{"line":8,"column":62}}]},"2":{"loc":{"start":{"line":12,"column":8},"end":{"line":14,"column":null}},"type":"if","locations":[{"start":{"line":12,"column":8},"end":{"line":14,"column":null}}]},"3":{"loc":{"start":{"line":16,"column":8},"end":{"line":18,"column":null}},"type":"if","locations":[{"start":{"line":16,"column":8},"end":{"line":18,"column":null}}]}},"s":{"0":4,"1":4,"2":4,"3":1,"4":3,"5":1,"6":2,"7":1,"8":1},"f":{"0":4,"1":4},"b":{"0":[1],"1":[4,4,4],"2":[1],"3":[1]}}
,"/home/farisarma/learn/dicoding/auth-api-prisma/src/Domains/users/entities/RegisteredUser.ts": {"path":"/home/farisarma/learn/dicoding/auth-api-prisma/src/Domains/users/entities/RegisteredUser.ts","statementMap":{"0":{"start":{"line":2,"column":25},"end":{"line":2,"column":82}},"1":{"start":{"line":3,"column":8},"end":{"line":3,"column":null}},"2":{"start":{"line":7,"column":8},"end":{"line":9,"column":null}},"3":{"start":{"line":8,"column":12},"end":{"line":8,"column":null}},"4":{"start":{"line":1,"column":0},"end":{"line":1,"column":13}}},"fnMap":{"0":{"name":"(anonymous_0)","decl":{"start":{"line":2,"column":4},"end":{"line":2,"column":25}},"loc":{"start":{"line":2,"column":82},"end":{"line":4,"column":5}}},"1":{"name":"(anonymous_1)","decl":{"start":{"line":6,"column":12},"end":{"line":6,"column":25}},"loc":{"start":{"line":6,"column":83},"end":{"line":10,"column":5}}}},"branchMap":{"0":{"loc":{"start":{"line":7,"column":8},"end":{"line":9,"column":null}},"type":"if","locations":[{"start":{"line":7,"column":8},"end":{"line":9,"column":null}}]},"1":{"loc":{"start":{"line":7,"column":12},"end":{"line":7,"column":56}},"type":"binary-expr","locations":[{"start":{"line":7,"column":12},"end":{"line":7,"column":26}},{"start":{"line":7,"column":30},"end":{"line":7,"column":44}},{"start":{"line":7,"column":48},"end":{"line":7,"column":56}}]}},"s":{"0":2,"1":2,"2":2,"3":1,"4":1},"f":{"0":2,"1":2},"b":{"0":[1],"1":[2,2,2]}}
}
