TN:
SF:src/Commons/exceptions/AuthenticationError.ts
FN:5,(anonymous_0)
FNF:1
FNH:1
FNDA:1,(anonymous_0)
DA:1,1
DA:4,1
DA:5,1
DA:6,1
DA:7,1
LF:5
LH:5
BRF:0
BRH:0
end_of_record
TN:
SF:src/Commons/exceptions/ClientError.ts
FN:2,(anonymous_0)
FNF:1
FNH:1
FNDA:4,(anonymous_0)
DA:1,4
DA:2,4
DA:3,4
DA:5,4
DA:6,1
DA:8,3
DA:9,3
LF:7
LH:7
BRDA:2,0,0,2
BRDA:5,1,0,1
BRF:2
BRH:2
end_of_record
TN:
SF:src/Commons/exceptions/InvariantError.ts
FN:4,(anonymous_0)
FNF:1
FNH:1
FNDA:1,(anonymous_0)
DA:1,1
DA:3,1
DA:4,1
DA:5,1
DA:6,1
LF:5
LH:5
BRF:0
BRH:0
end_of_record
TN:
SF:src/Commons/exceptions/NotFoundError.ts
FN:4,(anonymous_0)
FNF:1
FNH:1
FNDA:1,(anonymous_0)
DA:1,1
DA:3,1
DA:4,1
DA:5,1
DA:6,1
LF:5
LH:5
BRF:0
BRH:0
end_of_record
TN:
SF:src/Domains/users/entities/RegisterUser.ts
FN:2,(anonymous_0)
FN:7,(anonymous_1)
FNF:2
FNH:2
FNDA:4,(anonymous_0)
FNDA:4,(anonymous_1)
DA:1,1
DA:2,4
DA:4,4
DA:8,4
DA:9,1
DA:12,3
DA:13,1
DA:16,2
DA:17,1
LF:9
LH:9
BRDA:8,0,0,1
BRDA:8,1,0,4
BRDA:8,1,1,4
BRDA:8,1,2,4
BRDA:12,2,0,1
BRDA:16,3,0,1
BRF:6
BRH:6
end_of_record
TN:
SF:src/Domains/users/entities/RegisteredUser.ts
FN:2,(anonymous_0)
FN:6,(anonymous_1)
FNF:2
FNH:2
FNDA:2,(anonymous_0)
FNDA:2,(anonymous_1)
DA:1,1
DA:2,2
DA:3,2
DA:7,2
DA:8,1
LF:5
LH:5
BRDA:7,0,0,1
BRDA:7,1,0,2
BRDA:7,1,1,2
BRDA:7,1,2,2
BRF:4
BRH:4
end_of_record
